<?xml version="1.0" encoding="UTF-8"?>
<coverage generated="1701331114724" clover="3.2.0">
  <project timestamp="1701331114724" name="All files">
    <metrics statements="5" coveredstatements="5" conditionals="4" coveredconditionals="2" methods="3" coveredmethods="1" elements="12" coveredelements="8" complexity="0" loc="5" ncloc="5" packages="2" files="2" classes="2"/>
    <package name="components">
      <metrics statements="3" coveredstatements="3" conditionals="4" coveredconditionals="2" methods="1" coveredmethods="1"/>
      <file name="ContactUs.js" path="C:\Users\SJJ77\React_Project\src\components\ContactUs.js">
        <metrics statements="3" coveredstatements="3" conditionals="4" coveredconditionals="2" methods="1" coveredmethods="1"/>
        <line num="4" count="1" type="stmt"/>
        <line num="5" count="4" type="stmt"/>
        <line num="6" count="4" type="stmt"/>
      </file>
    </package>
    <package name="contexts">
      <metrics statements="2" coveredstatements="2" conditionals="0" coveredconditionals="0" methods="2" coveredmethods="0"/>
      <file name="ThemeContext.js" path="C:\Users\SJJ77\React_Project\src\contexts\ThemeContext.js">
        <metrics statements="2" coveredstatements="2" conditionals="0" coveredconditionals="0" methods="2" coveredmethods="0"/>
        <line num="3" count="1" type="stmt"/>
        <line num="9" count="1" type="stmt"/>
      </file>
    </package>
  </project>
</coverage>
