{"C:\\Users\\SJJ77\\React_Project\\src\\components\\ContactUs.js": {"path":"C:\\Users\\SJJ77\\React_Project\\src\\components\\ContactUs.js","statementMap":{"0":{"start":{"line":4,"column":18},"end":{"line":38,"column":1}},"1":{"start":{"line":5,"column":20},"end":{"line":5,"column":44}},"2":{"start":{"line":6,"column":2},"end":{"line":37,"column":4}}},"fnMap":{"0":{"name":"(anonymous_0)","decl":{"start":{"line":4,"column":18},"end":{"line":4,"column":19}},"loc":{"start":{"line":4,"column":24},"end":{"line":38,"column":1}},"line":4}},"branchMap":{"0":{"loc":{"start":{"line":9,"column":8},"end":{"line":9,"column":72}},"type":"cond-expr","locations":[{"start":{"line":9,"column":27},"end":{"line":9,"column":50}},{"start":{"line":9,"column":53},"end":{"line":9,"column":72}}],"line":9},"1":{"loc":{"start":{"line":14,"column":10},"end":{"line":16,"column":44}},"type":"cond-expr","locations":[{"start":{"line":15,"column":14},"end":{"line":15,"column":48}},{"start":{"line":16,"column":14},"end":{"line":16,"column":44}}],"line":14}},"s":{"0":1,"1":4,"2":4},"f":{"0":4},"b":{"0":[0,4],"1":[0,4]},"_coverageSchema":"1a1c01bbd47fc00a2c39e90264f33305004495a9","hash":"55d2c9c6ba75fe31408c763a833244a2a639e37a"}
,"C:\\Users\\SJJ77\\React_Project\\src\\contexts\\ThemeContext.js": {"path":"C:\\Users\\SJJ77\\React_Project\\src\\contexts\\ThemeContext.js","statementMap":{"0":{"start":{"line":3,"column":28},"end":{"line":7,"column":2}},"1":{"start":{"line":9,"column":29},"end":{"line":9,"column":50}}},"fnMap":{"0":{"name":"(anonymous_0)","decl":{"start":{"line":5,"column":13},"end":{"line":5,"column":14}},"loc":{"start":{"line":5,"column":19},"end":{"line":5,"column":21}},"line":5},"1":{"name":"(anonymous_1)","decl":{"start":{"line":6,"column":14},"end":{"line":6,"column":15}},"loc":{"start":{"line":6,"column":20},"end":{"line":6,"column":22}},"line":6}},"branchMap":{},"s":{"0":1,"1":1},"f":{"0":0,"1":0},"b":{},"_coverageSchema":"1a1c01bbd47fc00a2c39e90264f33305004495a9","hash":"978f2083e9d61bb264abb67232b8f226f9dd1d3f"}
}
